2024-10-25 21:27:21,212 - root - INFO - Executed command: greet
2024-10-25 21:27:21,213 - root - INFO - Displaying main menu.
2024-10-25 21:27:21,213 - root - INFO - Exiting application.
2024-10-25 21:27:21,213 - root - INFO - Application shutdown.
2024-10-25 21:27:21,214 - root - INFO - Adding 5.0 and 3.0: Result = 8.0
2024-10-25 21:27:21,236 - root - INFO - Dividing 6.0 by 3.0: Result = 2.0
2024-10-25 21:27:21,240 - root - INFO - Multiplying 5.0 and 3.0: Result = 15.0
2024-10-25 21:27:21,243 - root - INFO - Subtracting 3.0 from 5.0: Result = 2.0
2024-10-25 21:27:21,247 - root - INFO - Logging configured.
2024-10-25 21:27:21,248 - root - INFO - Environment variables loaded.
2024-10-25 21:27:21,248 - root - INFO - Registered operation: add as Add with index 1
2024-10-25 21:27:21,248 - root - INFO - Registered operation: divide as Divide with index 2
2024-10-25 21:27:21,248 - root - INFO - Registered operation: history_commands as ClearHistory with index 3
2024-10-25 21:27:21,248 - root - INFO - Registered operation: history_commands as DeleteSpecificRecord with index 4
2024-10-25 21:27:21,248 - root - INFO - Registered operation: history_commands as ShowHistory with index 5
2024-10-25 21:27:21,248 - root - INFO - Registered operation: multiply as Multiply with index 6
2024-10-25 21:27:21,248 - root - INFO - Registered operation: subtract as Subtract with index 7
2024-10-25 21:27:21,248 - root - INFO - Loaded operations: ['1', '2', '3', '4', '5', '6', '7']
2024-10-25 21:27:21,249 - root - INFO - Calculator operations initialized with 7 operations.
2024-10-25 21:27:21,249 - root - INFO - Command 'calculator' from plugin 'calculator' registered.
2024-10-25 21:27:21,249 - root - INFO - Command 'exit' from plugin 'exit' registered.
2024-10-25 21:27:21,249 - root - INFO - Command 'greet' from plugin 'greet' registered.
2024-10-25 21:27:21,249 - root - INFO - Menu command registered.
2024-10-25 21:27:21,249 - root - INFO - Displaying main menu.
2024-10-25 21:27:21,249 - root - INFO - Application started. Type 'exit' to exit.
2024-10-25 21:27:21,249 - root - INFO - Hello, World!
2024-10-25 21:27:21,249 - root - INFO - Executed command: greet
2024-10-25 21:27:21,249 - root - INFO - Displaying main menu.
2024-10-25 21:27:21,249 - root - INFO - Exiting application.
2024-10-25 21:27:21,249 - root - INFO - Application shutdown.
2024-10-25 21:27:21,252 - root - INFO - Logging configured.
2024-10-25 21:27:21,252 - root - INFO - Environment variables loaded.
2024-10-25 21:27:21,253 - root - INFO - Registered operation: add as Add with index 1
2024-10-25 21:27:21,253 - root - INFO - Registered operation: divide as Divide with index 2
2024-10-25 21:27:21,253 - root - INFO - Registered operation: history_commands as ClearHistory with index 3
2024-10-25 21:27:21,253 - root - INFO - Registered operation: history_commands as DeleteSpecificRecord with index 4
2024-10-25 21:27:21,253 - root - INFO - Registered operation: history_commands as ShowHistory with index 5
2024-10-25 21:27:21,253 - root - INFO - Registered operation: multiply as Multiply with index 6
2024-10-25 21:27:21,253 - root - INFO - Registered operation: subtract as Subtract with index 7
2024-10-25 21:27:21,253 - root - INFO - Loaded operations: ['1', '2', '3', '4', '5', '6', '7']
2024-10-25 21:27:21,253 - root - INFO - Calculator operations initialized with 7 operations.
2024-10-25 21:27:21,253 - root - INFO - Command 'calculator' from plugin 'calculator' registered.
2024-10-25 21:27:21,253 - root - INFO - Command 'exit' from plugin 'exit' registered.
2024-10-25 21:27:21,253 - root - INFO - Command 'greet' from plugin 'greet' registered.
2024-10-25 21:27:21,253 - root - INFO - Menu command registered.
2024-10-25 21:27:21,253 - root - INFO - Displaying main menu.
2024-10-25 21:27:21,254 - root - INFO - Application started. Type 'exit' to exit.
2024-10-25 21:27:21,254 - root - ERROR - Non-numeric input received.
2024-10-25 21:27:21,254 - root - INFO - Exiting application.
2024-10-25 21:27:21,254 - root - INFO - Application shutdown.
2024-10-25 21:27:21,256 - root - INFO - Calculator operations initialized with 2 operations.
2024-10-25 21:27:21,258 - root - INFO - Exiting calculator menu.
2024-10-25 21:27:21,260 - root - INFO - Registered operation: add as Add with index 1
2024-10-25 21:27:21,261 - root - INFO - Registered operation: divide as Divide with index 2
2024-10-25 21:27:21,261 - root - INFO - Registered operation: history_commands as ClearHistory with index 3
2024-10-25 21:27:21,262 - root - INFO - Registered operation: history_commands as DeleteSpecificRecord with index 4
2024-10-25 21:27:21,262 - root - INFO - Registered operation: history_commands as ShowHistory with index 5
2024-10-25 21:27:21,262 - root - INFO - Registered operation: multiply as Multiply with index 6
2024-10-25 21:27:21,263 - root - INFO - Registered operation: subtract as Subtract with index 7
2024-10-25 21:27:21,263 - root - INFO - Loaded operations: ['1', '2', '3', '4', '5', '6', '7']
2024-10-25 21:27:21,264 - root - INFO - Calculator operations initialized with 7 operations.
2024-10-25 21:27:21,264 - root - INFO - Executing operation: Add
2024-10-25 21:27:21,265 - root - INFO - Adding 2.0 and 3.0: Result = 5.0
2024-10-25 21:27:21,267 - root - INFO - Exiting calculator menu.
2024-10-25 21:27:21,269 - root - INFO - User selected to exit the program.
2024-10-25 21:27:21,270 - root - INFO - User selected command: help
2024-10-25 21:27:21,272 - root - WARNING - Invalid selection: 999 is out of range.
2024-10-25 21:27:21,276 - root - INFO - Hello, World!
2024-10-25 21:27:21,315 - root - INFO - User selected to exit the program.
2024-10-25 21:27:21,316 - root - INFO - System exit initiated.
2024-10-25 21:27:21,318 - root - INFO - User selected command: greet
2024-10-25 21:27:21,320 - root - INFO - User selected to exit the program.
2024-10-25 21:27:21,320 - root - INFO - System exit initiated.
2024-10-25 21:27:21,322 - root - WARNING - Invalid input: non-numeric selection entered.
2024-10-25 21:27:21,324 - root - WARNING - Invalid selection: 3 is out of range.
2024-10-25 21:27:21,326 - root - INFO - User selected command: greet
2024-10-25 21:27:21,326 - root - ERROR - Command 'greet' could not be executed.
2024-10-25 21:27:21,328 - root - INFO - User selected command: greet
2024-10-25 21:27:21,328 - root - ERROR - Unexpected error occurred: Unexpected error
2024-10-25 21:27:30,070 - root - INFO - Logging configured.
2024-10-25 21:27:30,071 - root - INFO - Environment variables loaded.
2024-10-25 21:27:30,071 - root - INFO - Registered operation: add as Add with index 1
2024-10-25 21:27:30,071 - root - INFO - Registered operation: divide as Divide with index 2
2024-10-25 21:27:30,071 - root - INFO - Registered operation: history_commands as ClearHistory with index 3
2024-10-25 21:27:30,071 - root - INFO - Registered operation: history_commands as DeleteSpecificRecord with index 4
2024-10-25 21:27:30,071 - root - INFO - Registered operation: history_commands as ShowHistory with index 5
2024-10-25 21:27:30,072 - root - INFO - Registered operation: multiply as Multiply with index 6
2024-10-25 21:27:30,072 - root - INFO - Registered operation: subtract as Subtract with index 7
2024-10-25 21:27:30,072 - root - INFO - Loaded operations: ['1', '2', '3', '4', '5', '6', '7']
2024-10-25 21:27:30,072 - root - INFO - Calculator operations initialized with 7 operations.
2024-10-25 21:27:30,072 - root - INFO - Command 'calculator' from plugin 'calculator' registered.
2024-10-25 21:27:30,072 - root - INFO - Command 'exit' from plugin 'exit' registered.
2024-10-25 21:27:30,072 - root - INFO - Command 'greet' from plugin 'greet' registered.
2024-10-25 21:27:30,072 - root - INFO - Menu command registered.
2024-10-25 21:27:30,072 - root - INFO - Displaying main menu.
2024-10-25 21:27:30,072 - root - INFO - Application started. Type 'exit' to exit.
2024-10-25 21:27:30,072 - root - ERROR - Non-numeric input received.
2024-10-25 21:27:30,072 - root - INFO - Exiting application.
2024-10-25 21:27:30,072 - root - INFO - Application shutdown.
2024-10-25 21:27:30,075 - root - INFO - Logging configured.
2024-10-25 21:27:30,075 - root - INFO - Environment variables loaded.
2024-10-25 21:27:30,075 - root - INFO - Registered operation: add as Add with index 1
2024-10-25 21:27:30,075 - root - INFO - Registered operation: divide as Divide with index 2
2024-10-25 21:27:30,076 - root - INFO - Registered operation: history_commands as ClearHistory with index 3
2024-10-25 21:27:30,076 - root - INFO - Registered operation: history_commands as DeleteSpecificRecord with index 4
2024-10-25 21:27:30,076 - root - INFO - Registered operation: history_commands as ShowHistory with index 5
2024-10-25 21:27:30,076 - root - INFO - Registered operation: multiply as Multiply with index 6
2024-10-25 21:27:30,076 - root - INFO - Registered operation: subtract as Subtract with index 7
2024-10-25 21:27:30,076 - root - INFO - Loaded operations: ['1', '2', '3', '4', '5', '6', '7']
2024-10-25 21:27:30,076 - root - INFO - Calculator operations initialized with 7 operations.
2024-10-25 21:27:30,076 - root - INFO - Command 'calculator' from plugin 'calculator' registered.
2024-10-25 21:27:30,076 - root - INFO - Command 'exit' from plugin 'exit' registered.
2024-10-25 21:27:30,076 - root - INFO - Command 'greet' from plugin 'greet' registered.
2024-10-25 21:27:30,076 - root - INFO - Menu command registered.
2024-10-25 21:27:30,076 - root - INFO - Displaying main menu.
2024-10-25 21:27:30,076 - root - INFO - Application started. Type 'exit' to exit.
2024-10-25 21:27:30,076 - root - INFO - Exiting application.
2024-10-25 21:27:30,076 - root - INFO - Application shutdown.
2024-10-25 21:27:30,078 - root - INFO - Logging configured.
2024-10-25 21:27:30,078 - root - INFO - Environment variables loaded.
2024-10-25 21:27:30,080 - root - INFO - Logging configured.
2024-10-25 21:27:30,080 - root - INFO - Environment variables loaded.
2024-10-25 21:27:30,081 - root - INFO - Registered operation: add as Add with index 1
2024-10-25 21:27:30,081 - root - INFO - Registered operation: divide as Divide with index 2
2024-10-25 21:27:30,081 - root - INFO - Registered operation: history_commands as ClearHistory with index 3
2024-10-25 21:27:30,081 - root - INFO - Registered operation: history_commands as DeleteSpecificRecord with index 4
2024-10-25 21:27:30,081 - root - INFO - Registered operation: history_commands as ShowHistory with index 5
2024-10-25 21:27:30,081 - root - INFO - Registered operation: multiply as Multiply with index 6
2024-10-25 21:27:30,081 - root - INFO - Registered operation: subtract as Subtract with index 7
2024-10-25 21:27:30,081 - root - INFO - Loaded operations: ['1', '2', '3', '4', '5', '6', '7']
2024-10-25 21:27:30,081 - root - INFO - Calculator operations initialized with 7 operations.
2024-10-25 21:27:30,081 - root - INFO - Command 'calculator' from plugin 'calculator' registered.
2024-10-25 21:27:30,081 - root - INFO - Command 'exit' from plugin 'exit' registered.
2024-10-25 21:27:30,081 - root - INFO - Command 'greet' from plugin 'greet' registered.
2024-10-25 21:27:30,081 - root - INFO - Menu command registered.
2024-10-25 21:27:30,081 - root - INFO - Displaying main menu.
2024-10-25 21:27:30,081 - root - INFO - Application started. Type 'exit' to exit.
2024-10-25 21:27:30,081 - root - INFO - Hello, World!
2024-10-25 21:27:30,081 - root - INFO - Executed command: greet
2024-10-25 21:27:30,082 - root - INFO - Displaying main menu.
2024-10-25 21:27:30,082 - root - INFO - Exiting application.
2024-10-25 21:27:30,082 - root - INFO - Application shutdown.
2024-10-25 21:27:30,085 - root - INFO - Adding 5.0 and 3.0: Result = 8.0
2024-10-25 21:27:30,096 - root - INFO - Dividing 6.0 by 3.0: Result = 2.0
2024-10-25 21:27:30,099 - root - INFO - Multiplying 5.0 and 3.0: Result = 15.0
2024-10-25 21:27:30,102 - root - INFO - Subtracting 3.0 from 5.0: Result = 2.0
2024-10-25 21:27:30,108 - root - INFO - Logging configured.
2024-10-25 21:27:30,108 - root - INFO - Environment variables loaded.
2024-10-25 21:27:30,108 - root - INFO - Registered operation: add as Add with index 1
2024-10-25 21:27:30,108 - root - INFO - Registered operation: divide as Divide with index 2
2024-10-25 21:27:30,108 - root - INFO - Registered operation: history_commands as ClearHistory with index 3
2024-10-25 21:27:30,108 - root - INFO - Registered operation: history_commands as DeleteSpecificRecord with index 4
2024-10-25 21:27:30,108 - root - INFO - Registered operation: history_commands as ShowHistory with index 5
2024-10-25 21:27:30,108 - root - INFO - Registered operation: multiply as Multiply with index 6
2024-10-25 21:27:30,108 - root - INFO - Registered operation: subtract as Subtract with index 7
2024-10-25 21:27:30,109 - root - INFO - Loaded operations: ['1', '2', '3', '4', '5', '6', '7']
2024-10-25 21:27:30,109 - root - INFO - Calculator operations initialized with 7 operations.
2024-10-25 21:27:30,109 - root - INFO - Command 'calculator' from plugin 'calculator' registered.
2024-10-25 21:27:30,109 - root - INFO - Command 'exit' from plugin 'exit' registered.
2024-10-25 21:27:30,109 - root - INFO - Command 'greet' from plugin 'greet' registered.
2024-10-25 21:27:30,109 - root - INFO - Menu command registered.
2024-10-25 21:27:30,109 - root - INFO - Displaying main menu.
2024-10-25 21:27:30,109 - root - INFO - Application started. Type 'exit' to exit.
2024-10-25 21:27:30,109 - root - INFO - Hello, World!
2024-10-25 21:27:30,109 - root - INFO - Executed command: greet
2024-10-25 21:27:30,109 - root - INFO - Displaying main menu.
2024-10-25 21:27:30,109 - root - INFO - Exiting application.
2024-10-25 21:27:30,109 - root - INFO - Application shutdown.
2024-10-25 21:27:30,111 - root - INFO - Logging configured.
2024-10-25 21:27:30,112 - root - INFO - Environment variables loaded.
2024-10-25 21:27:30,112 - root - INFO - Registered operation: add as Add with index 1
2024-10-25 21:27:30,112 - root - INFO - Registered operation: divide as Divide with index 2
2024-10-25 21:27:30,112 - root - INFO - Registered operation: history_commands as ClearHistory with index 3
2024-10-25 21:27:30,112 - root - INFO - Registered operation: history_commands as DeleteSpecificRecord with index 4
2024-10-25 21:27:30,112 - root - INFO - Registered operation: history_commands as ShowHistory with index 5
2024-10-25 21:27:30,112 - root - INFO - Registered operation: multiply as Multiply with index 6
2024-10-25 21:27:30,112 - root - INFO - Registered operation: subtract as Subtract with index 7
2024-10-25 21:27:30,112 - root - INFO - Loaded operations: ['1', '2', '3', '4', '5', '6', '7']
2024-10-25 21:27:30,112 - root - INFO - Calculator operations initialized with 7 operations.
2024-10-25 21:27:30,112 - root - INFO - Command 'calculator' from plugin 'calculator' registered.
2024-10-25 21:27:30,112 - root - INFO - Command 'exit' from plugin 'exit' registered.
2024-10-25 21:27:30,112 - root - INFO - Command 'greet' from plugin 'greet' registered.
2024-10-25 21:27:30,113 - root - INFO - Menu command registered.
2024-10-25 21:27:30,113 - root - INFO - Displaying main menu.
2024-10-25 21:27:30,113 - root - INFO - Application started. Type 'exit' to exit.
2024-10-25 21:27:30,113 - root - ERROR - Non-numeric input received.
2024-10-25 21:27:30,113 - root - INFO - Exiting application.
2024-10-25 21:27:30,113 - root - INFO - Application shutdown.
2024-10-25 21:27:30,114 - root - INFO - Calculator operations initialized with 2 operations.
2024-10-25 21:27:30,115 - root - INFO - Exiting calculator menu.
2024-10-25 21:27:30,117 - root - INFO - Registered operation: add as Add with index 1
2024-10-25 21:27:30,118 - root - INFO - Registered operation: divide as Divide with index 2
2024-10-25 21:27:30,119 - root - INFO - Registered operation: history_commands as ClearHistory with index 3
2024-10-25 21:27:30,119 - root - INFO - Registered operation: history_commands as DeleteSpecificRecord with index 4
2024-10-25 21:27:30,120 - root - INFO - Registered operation: history_commands as ShowHistory with index 5
2024-10-25 21:27:30,120 - root - INFO - Registered operation: multiply as Multiply with index 6
2024-10-25 21:27:30,121 - root - INFO - Registered operation: subtract as Subtract with index 7
2024-10-25 21:27:30,121 - root - INFO - Loaded operations: ['1', '2', '3', '4', '5', '6', '7']
2024-10-25 21:27:30,122 - root - INFO - Calculator operations initialized with 7 operations.
2024-10-25 21:27:30,122 - root - INFO - Executing operation: Add
2024-10-25 21:27:30,123 - root - INFO - Adding 2.0 and 3.0: Result = 5.0
2024-10-25 21:27:30,126 - root - INFO - Exiting calculator menu.
2024-10-25 21:27:30,128 - root - INFO - User selected to exit the program.
2024-10-25 21:27:30,129 - root - INFO - User selected command: help
2024-10-25 21:27:30,131 - root - WARNING - Invalid selection: 999 is out of range.
2024-10-25 21:27:30,136 - root - INFO - Hello, World!
2024-10-25 21:27:30,174 - root - INFO - User selected to exit the program.
2024-10-25 21:27:30,175 - root - INFO - System exit initiated.
2024-10-25 21:27:30,176 - root - INFO - User selected command: greet
2024-10-25 21:27:30,178 - root - INFO - User selected to exit the program.
2024-10-25 21:27:30,179 - root - INFO - System exit initiated.
2024-10-25 21:27:30,180 - root - WARNING - Invalid input: non-numeric selection entered.
2024-10-25 21:27:30,182 - root - WARNING - Invalid selection: 3 is out of range.
2024-10-25 21:27:30,184 - root - INFO - User selected command: greet
2024-10-25 21:27:30,184 - root - ERROR - Command 'greet' could not be executed.
2024-10-25 21:27:30,187 - root - INFO - User selected command: greet
2024-10-25 21:27:30,188 - root - ERROR - Unexpected error occurred: Unexpected error
2024-10-25 21:27:37,645 - root - INFO - Logging configured.
2024-10-25 21:27:37,646 - root - INFO - Environment variables loaded.
2024-10-25 21:27:37,647 - root - INFO - Registered operation: add as Add with index 1
2024-10-25 21:27:37,647 - root - INFO - Registered operation: divide as Divide with index 2
2024-10-25 21:27:37,647 - root - INFO - Registered operation: history_commands as ClearHistory with index 3
2024-10-25 21:27:37,647 - root - INFO - Registered operation: history_commands as DeleteSpecificRecord with index 4
2024-10-25 21:27:37,647 - root - INFO - Registered operation: history_commands as ShowHistory with index 5
2024-10-25 21:27:37,647 - root - INFO - Registered operation: multiply as Multiply with index 6
2024-10-25 21:27:37,647 - root - INFO - Registered operation: subtract as Subtract with index 7
2024-10-25 21:27:37,647 - root - INFO - Loaded operations: ['1', '2', '3', '4', '5', '6', '7']
2024-10-25 21:27:37,647 - root - INFO - Calculator operations initialized with 7 operations.
2024-10-25 21:27:37,647 - root - INFO - Command 'calculator' from plugin 'calculator' registered.
2024-10-25 21:27:37,647 - root - INFO - Command 'exit' from plugin 'exit' registered.
2024-10-25 21:27:37,648 - root - INFO - Command 'greet' from plugin 'greet' registered.
2024-10-25 21:27:37,648 - root - INFO - Menu command registered.
2024-10-25 21:27:37,648 - root - INFO - Displaying main menu.
2024-10-25 21:27:37,648 - root - INFO - Application started. Type 'exit' to exit.
2024-10-25 21:27:37,648 - root - ERROR - Non-numeric input received.
2024-10-25 21:27:37,648 - root - INFO - Exiting application.
2024-10-25 21:27:37,648 - root - INFO - Application shutdown.
2024-10-25 21:27:37,653 - root - INFO - Logging configured.
2024-10-25 21:27:37,653 - root - INFO - Environment variables loaded.
2024-10-25 21:27:37,654 - root - INFO - Registered operation: add as Add with index 1
2024-10-25 21:27:37,654 - root - INFO - Registered operation: divide as Divide with index 2
2024-10-25 21:27:37,654 - root - INFO - Registered operation: history_commands as ClearHistory with index 3
2024-10-25 21:27:37,654 - root - INFO - Registered operation: history_commands as DeleteSpecificRecord with index 4
2024-10-25 21:27:37,654 - root - INFO - Registered operation: history_commands as ShowHistory with index 5
2024-10-25 21:27:37,654 - root - INFO - Registered operation: multiply as Multiply with index 6
2024-10-25 21:27:37,654 - root - INFO - Registered operation: subtract as Subtract with index 7
2024-10-25 21:27:37,654 - root - INFO - Loaded operations: ['1', '2', '3', '4', '5', '6', '7']
2024-10-25 21:27:37,654 - root - INFO - Calculator operations initialized with 7 operations.
2024-10-25 21:27:37,654 - root - INFO - Command 'calculator' from plugin 'calculator' registered.
2024-10-25 21:27:37,654 - root - INFO - Command 'exit' from plugin 'exit' registered.
2024-10-25 21:27:37,655 - root - INFO - Command 'greet' from plugin 'greet' registered.
2024-10-25 21:27:37,655 - root - INFO - Menu command registered.
2024-10-25 21:27:37,655 - root - INFO - Displaying main menu.
2024-10-25 21:27:37,655 - root - INFO - Application started. Type 'exit' to exit.
2024-10-25 21:27:37,655 - root - INFO - Exiting application.
2024-10-25 21:27:37,655 - root - INFO - Application shutdown.
2024-10-25 21:27:37,658 - root - INFO - Logging configured.
2024-10-25 21:27:37,658 - root - INFO - Environment variables loaded.
2024-10-25 21:27:37,661 - root - INFO - Logging configured.
2024-10-25 21:27:37,661 - root - INFO - Environment variables loaded.
2024-10-25 21:27:37,662 - root - INFO - Registered operation: add as Add with index 1
2024-10-25 21:27:37,662 - root - INFO - Registered operation: divide as Divide with index 2
2024-10-25 21:27:37,662 - root - INFO - Registered operation: history_commands as ClearHistory with index 3
2024-10-25 21:27:37,662 - root - INFO - Registered operation: history_commands as DeleteSpecificRecord with index 4
2024-10-25 21:27:37,662 - root - INFO - Registered operation: history_commands as ShowHistory with index 5
2024-10-25 21:27:37,662 - root - INFO - Registered operation: multiply as Multiply with index 6
2024-10-25 21:27:37,662 - root - INFO - Registered operation: subtract as Subtract with index 7
2024-10-25 21:27:37,662 - root - INFO - Loaded operations: ['1', '2', '3', '4', '5', '6', '7']
2024-10-25 21:27:37,662 - root - INFO - Calculator operations initialized with 7 operations.
2024-10-25 21:27:37,662 - root - INFO - Command 'calculator' from plugin 'calculator' registered.
2024-10-25 21:27:37,662 - root - INFO - Command 'exit' from plugin 'exit' registered.
2024-10-25 21:27:37,662 - root - INFO - Command 'greet' from plugin 'greet' registered.
2024-10-25 21:27:37,663 - root - INFO - Menu command registered.
2024-10-25 21:27:37,663 - root - INFO - Displaying main menu.
2024-10-25 21:27:37,663 - root - INFO - Application started. Type 'exit' to exit.
2024-10-25 21:27:37,663 - root - INFO - Hello, World!
2024-10-25 21:27:37,663 - root - INFO - Executed command: greet
2024-10-25 21:27:37,663 - root - INFO - Displaying main menu.
2024-10-25 21:27:37,663 - root - INFO - Exiting application.
2024-10-25 21:27:37,663 - root - INFO - Application shutdown.
2024-10-25 21:27:37,666 - root - INFO - Adding 5.0 and 3.0: Result = 8.0
2024-10-25 21:27:37,680 - root - INFO - Dividing 6.0 by 3.0: Result = 2.0
2024-10-25 21:27:37,684 - root - INFO - Multiplying 5.0 and 3.0: Result = 15.0
2024-10-25 21:27:37,691 - root - INFO - Subtracting 3.0 from 5.0: Result = 2.0
2024-10-25 21:27:37,697 - root - INFO - Logging configured.
2024-10-25 21:27:37,697 - root - INFO - Environment variables loaded.
2024-10-25 21:27:37,698 - root - INFO - Registered operation: add as Add with index 1
2024-10-25 21:27:37,698 - root - INFO - Registered operation: divide as Divide with index 2
2024-10-25 21:27:37,698 - root - INFO - Registered operation: history_commands as ClearHistory with index 3
2024-10-25 21:27:37,698 - root - INFO - Registered operation: history_commands as DeleteSpecificRecord with index 4
2024-10-25 21:27:37,698 - root - INFO - Registered operation: history_commands as ShowHistory with index 5
2024-10-25 21:27:37,698 - root - INFO - Registered operation: multiply as Multiply with index 6
2024-10-25 21:27:37,698 - root - INFO - Registered operation: subtract as Subtract with index 7
2024-10-25 21:27:37,698 - root - INFO - Loaded operations: ['1', '2', '3', '4', '5', '6', '7']
2024-10-25 21:27:37,698 - root - INFO - Calculator operations initialized with 7 operations.
2024-10-25 21:27:37,698 - root - INFO - Command 'calculator' from plugin 'calculator' registered.
2024-10-25 21:27:37,699 - root - INFO - Command 'exit' from plugin 'exit' registered.
2024-10-25 21:27:37,699 - root - INFO - Command 'greet' from plugin 'greet' registered.
2024-10-25 21:27:37,699 - root - INFO - Menu command registered.
2024-10-25 21:27:37,699 - root - INFO - Displaying main menu.
2024-10-25 21:27:37,699 - root - INFO - Application started. Type 'exit' to exit.
2024-10-25 21:27:37,699 - root - INFO - Hello, World!
2024-10-25 21:27:37,699 - root - INFO - Executed command: greet
2024-10-25 21:27:37,699 - root - INFO - Displaying main menu.
2024-10-25 21:27:37,699 - root - INFO - Exiting application.
2024-10-25 21:27:37,699 - root - INFO - Application shutdown.
2024-10-25 21:27:37,703 - root - INFO - Logging configured.
2024-10-25 21:27:37,703 - root - INFO - Environment variables loaded.
2024-10-25 21:27:37,704 - root - INFO - Registered operation: add as Add with index 1
2024-10-25 21:27:37,704 - root - INFO - Registered operation: divide as Divide with index 2
2024-10-25 21:27:37,704 - root - INFO - Registered operation: history_commands as ClearHistory with index 3
2024-10-25 21:27:37,704 - root - INFO - Registered operation: history_commands as DeleteSpecificRecord with index 4
2024-10-25 21:27:37,704 - root - INFO - Registered operation: history_commands as ShowHistory with index 5
2024-10-25 21:27:37,704 - root - INFO - Registered operation: multiply as Multiply with index 6
2024-10-25 21:27:37,704 - root - INFO - Registered operation: subtract as Subtract with index 7
2024-10-25 21:27:37,704 - root - INFO - Loaded operations: ['1', '2', '3', '4', '5', '6', '7']
2024-10-25 21:27:37,704 - root - INFO - Calculator operations initialized with 7 operations.
2024-10-25 21:27:37,704 - root - INFO - Command 'calculator' from plugin 'calculator' registered.
2024-10-25 21:27:37,704 - root - INFO - Command 'exit' from plugin 'exit' registered.
2024-10-25 21:27:37,705 - root - INFO - Command 'greet' from plugin 'greet' registered.
2024-10-25 21:27:37,705 - root - INFO - Menu command registered.
2024-10-25 21:27:37,705 - root - INFO - Displaying main menu.
2024-10-25 21:27:37,705 - root - INFO - Application started. Type 'exit' to exit.
2024-10-25 21:27:37,705 - root - ERROR - Non-numeric input received.
2024-10-25 21:27:37,705 - root - INFO - Exiting application.
2024-10-25 21:27:37,705 - root - INFO - Application shutdown.
2024-10-25 21:27:37,708 - root - INFO - Calculator operations initialized with 2 operations.
2024-10-25 21:27:37,709 - root - INFO - Exiting calculator menu.
2024-10-25 21:27:37,712 - root - INFO - Registered operation: add as Add with index 1
2024-10-25 21:27:37,713 - root - INFO - Registered operation: divide as Divide with index 2
2024-10-25 21:27:37,714 - root - INFO - Registered operation: history_commands as ClearHistory with index 3
2024-10-25 21:27:37,715 - root - INFO - Registered operation: history_commands as DeleteSpecificRecord with index 4
2024-10-25 21:27:37,715 - root - INFO - Registered operation: history_commands as ShowHistory with index 5
2024-10-25 21:27:37,716 - root - INFO - Registered operation: multiply as Multiply with index 6
2024-10-25 21:27:37,717 - root - INFO - Registered operation: subtract as Subtract with index 7
2024-10-25 21:27:37,717 - root - INFO - Loaded operations: ['1', '2', '3', '4', '5', '6', '7']
2024-10-25 21:27:37,718 - root - INFO - Calculator operations initialized with 7 operations.
2024-10-25 21:27:37,719 - root - INFO - Executing operation: Add
2024-10-25 21:27:37,720 - root - INFO - Adding 2.0 and 3.0: Result = 5.0
2024-10-25 21:27:37,723 - root - INFO - Exiting calculator menu.
2024-10-25 21:27:37,727 - root - INFO - User selected to exit the program.
2024-10-25 21:27:37,728 - root - INFO - User selected command: help
2024-10-25 21:27:37,731 - root - WARNING - Invalid selection: 999 is out of range.
2024-10-25 21:27:37,736 - root - INFO - Hello, World!
2024-10-25 21:27:37,791 - root - INFO - User selected to exit the program.
2024-10-25 21:27:37,792 - root - INFO - System exit initiated.
2024-10-25 21:27:37,794 - root - INFO - User selected command: greet
2024-10-25 21:27:37,797 - root - INFO - User selected to exit the program.
2024-10-25 21:27:37,798 - root - INFO - System exit initiated.
2024-10-25 21:27:37,801 - root - WARNING - Invalid input: non-numeric selection entered.
2024-10-25 21:27:37,803 - root - WARNING - Invalid selection: 3 is out of range.
2024-10-25 21:27:37,806 - root - INFO - User selected command: greet
2024-10-25 21:27:37,807 - root - ERROR - Command 'greet' could not be executed.
2024-10-25 21:27:37,810 - root - INFO - User selected command: greet
2024-10-25 21:27:37,811 - root - ERROR - Unexpected error occurred: Unexpected error
